# JRE version: 7.0_11-b21
# Java VM: Java HotSpot(TM) 64-Bit Server VM (23.6-b04 mixed mode windows-amd64 compressed oops)
Heap
 PSYoungGen      total 59904K, used 51831K [0x00000000fa000000, 0x00000000ff7e0000, 0x0000000100000000)
  eden space 38528K, 79% used [0x00000000fa000000,0x00000000fbdc37e8,0x00000000fc5a0000)
  from space 21376K, 99% used [0x00000000fc6f0000,0x00000000fdbca5f8,0x00000000fdbd0000)
  to   space 25728K, 0% used [0x00000000fdec0000,0x00000000fdec0000,0x00000000ff7e0000)
 ParOldGen       total 69056K, used 61429K [0x00000000e8000000, 0x00000000ec370000, 0x00000000fa000000)
  object space 69056K, 88% used [0x00000000e8000000,0x00000000ebbfd408,0x00000000ec370000)
 PSPermGen       total 91264K, used 65838K [0x00000000e0000000, 0x00000000e5920000, 0x00000000e8000000)
  object space 91264K, 72% used [0x00000000e0000000,0x00000000e404ba88,0x00000000e5920000)
GC Heap History (10 events):
Event: 2142.072 GC heap before
{Heap before GC invocations=48 (full 1):
 PSYoungGen      total 58752K, used 56612K [0x00000000fa000000, 0x00000000fe740000, 0x0000000100000000)
  eden space 48384K, 100% used [0x00000000fa000000,0x00000000fcf40000,0x00000000fcf40000)
  from space 10368K, 79% used [0x00000000fdd20000,0x00000000fe529090,0x00000000fe740000)
  to   space 12288K, 0% used [0x00000000fcf40000,0x00000000fcf40000,0x00000000fdb40000)
 ParOldGen       total 69056K, used 48901K [0x00000000e8000000, 0x00000000ec370000, 0x00000000fa000000)
  object space 69056K, 70% used [0x00000000e8000000,0x00000000eafc1598,0x00000000ec370000)
 PSPermGen       total 91264K, used 60389K [0x00000000e0000000, 0x00000000e5920000, 0x00000000e8000000)
  object space 91264K, 66% used [0x00000000e0000000,0x00000000e3af96a8,0x00000000e5920000)
Event: 2142.120 GC heap after
Heap after GC invocations=48 (full 1):
 PSYoungGen      total 58944K, used 12264K [0x00000000fa000000, 0x00000000fea30000, 0x0000000100000000)
  eden space 46656K, 0% used [0x00000000fa000000,0x00000000fa000000,0x00000000fcd90000)
  from space 12288K, 99% used [0x00000000fcf40000,0x00000000fdb3a348,0x00000000fdb40000)
  to   space 14656K, 0% used [0x00000000fdbe0000,0x00000000fdbe0000,0x00000000fea30000)
 ParOldGen       total 69056K, used 51706K [0x00000000e8000000, 0x00000000ec370000, 0x00000000fa000000)
  object space 69056K, 74% used [0x00000000e8000000,0x00000000eb27e8d0,0x00000000ec370000)
 PSPermGen       total 91264K, used 60389K [0x00000000e0000000, 0x00000000e5920000, 0x00000000e8000000)
  object space 91264K, 66% used [0x00000000e0000000,0x00000000e3af96a8,0x00000000e5920000)
}
Event: 2150.595 GC heap before
{Heap before GC invocations=49 (full 1):
 PSYoungGen      total 58944K, used 58920K [0x00000000fa000000, 0x00000000fea30000, 0x0000000100000000)
  eden space 46656K, 100% used [0x00000000fa000000,0x00000000fcd90000,0x00000000fcd90000)
  from space 12288K, 99% used [0x00000000fcf40000,0x00000000fdb3a348,0x00000000fdb40000)
  to   space 14656K, 0% used [0x00000000fdbe0000,0x00000000fdbe0000,0x00000000fea30000)
 ParOldGen       total 69056K, used 51706K [0x00000000e8000000, 0x00000000ec370000, 0x00000000fa000000)
  object space 69056K, 74% used [0x00000000e8000000,0x00000000eb27e8d0,0x00000000ec370000)
 PSPermGen       total 91264K, used 61759K [0x00000000e0000000, 0x00000000e5920000, 0x00000000e8000000)
  object space 91264K, 67% used [0x00000000e0000000,0x00000000e3c4fce0,0x00000000e5920000)
Event: 2150.643 GC heap after
Heap after GC invocations=49 (full 1):
 PSYoungGen      total 57408K, used 14649K [0x00000000fa000000, 0x00000000ff040000, 0x0000000100000000)
  eden space 42752K, 0% used [0x00000000fa000000,0x00000000fa000000,0x00000000fc9c0000)
  from space 14656K, 99% used [0x00000000fdbe0000,0x00000000fea2e7e0,0x00000000fea30000)
  to   space 18560K, 0% used [0x00000000fc9c0000,0x00000000fc9c0000,0x00000000fdbe0000)
 ParOldGen       total 69056K, used 57385K [0x00000000e8000000, 0x00000000ec370000, 0x00000000fa000000)
  object space 69056K, 83% used [0x00000000e8000000,0x00000000eb80a678,0x00000000ec370000)
 PSPermGen       total 91264K, used 61759K [0x00000000e0000000, 0x00000000e5920000, 0x00000000e8000000)
  object space 91264K, 67% used [0x00000000e0000000,0x00000000e3c4fce0,0x00000000e5920000)
}
Event: 2154.605 GC heap before
{Heap before GC invocations=50 (full 1):
 PSYoungGen      total 57408K, used 57401K [0x00000000fa000000, 0x00000000ff040000, 0x0000000100000000)
  eden space 42752K, 100% used [0x00000000fa000000,0x00000000fc9c0000,0x00000000fc9c0000)
  from space 14656K, 99% used [0x00000000fdbe0000,0x00000000fea2e7e0,0x00000000fea30000)
  to   space 18560K, 0% used [0x00000000fc9c0000,0x00000000fc9c0000,0x00000000fdbe0000)
 ParOldGen       total 69056K, used 57385K [0x00000000e8000000, 0x00000000ec370000, 0x00000000fa000000)
  object space 69056K, 83% used [0x00000000e8000000,0x00000000eb80a678,0x00000000ec370000)
 PSPermGen       total 91264K, used 63798K [0x00000000e0000000, 0x00000000e5920000, 0x00000000e8000000)
  object space 91264K, 69% used [0x00000000e0000000,0x00000000e3e4da30,0x00000000e5920000)
Event: 2154.626 GC heap after
Heap after GC invocations=50 (full 1):
 PSYoungGen      total 59840K, used 16039K [0x00000000fa000000, 0x00000000fefb0000, 0x0000000100000000)
  eden space 41280K, 0% used [0x00000000fa000000,0x00000000fa000000,0x00000000fc850000)
  from space 18560K, 86% used [0x00000000fc9c0000,0x00000000fd969d50,0x00000000fdbe0000)
  to   space 20160K, 0% used [0x00000000fdc00000,0x00000000fdc00000,0x00000000fefb0000)
 ParOldGen       total 69056K, used 57521K [0x00000000e8000000, 0x00000000ec370000, 0x00000000fa000000)
  object space 69056K, 83% used [0x00000000e8000000,0x00000000eb82c678,0x00000000ec370000)
 PSPermGen       total 91264K, used 63798K [0x00000000e0000000, 0x00000000e5920000, 0x00000000e8000000)
  object space 91264K, 69% used [0x00000000e0000000,0x00000000e3e4da30,0x00000000e5920000)
}
Event: 2165.227 GC heap before
{Heap before GC invocations=51 (full 1):
 PSYoungGen      total 59840K, used 57319K [0x00000000fa000000, 0x00000000fefb0000, 0x0000000100000000)
  eden space 41280K, 100% used [0x00000000fa000000,0x00000000fc850000,0x00000000fc850000)
  from space 18560K, 86% used [0x00000000fc9c0000,0x00000000fd969d50,0x00000000fdbe0000)
  to   space 20160K, 0% used [0x00000000fdc00000,0x00000000fdc00000,0x00000000fefb0000)
 ParOldGen       total 69056K, used 57521K [0x00000000e8000000, 0x00000000ec370000, 0x00000000fa000000)
  object space 69056K, 83% used [0x00000000e8000000,0x00000000eb82c678,0x00000000ec370000)
 PSPermGen       total 91264K, used 64636K [0x00000000e0000000, 0x00000000e5920000, 0x00000000e8000000)
  object space 91264K, 70% used [0x00000000e0000000,0x00000000e3f1f380,0x00000000e5920000)
Event: 2165.254 GC heap after
Heap after GC invocations=51 (full 1):
 PSYoungGen      total 60032K, used 16114K [0x00000000fa000000, 0x00000000ff0b0000, 0x0000000100000000)
  eden space 39872K, 0% used [0x00000000fa000000,0x00000000fa000000,0x00000000fc6f0000)
  from space 20160K, 79% used [0x00000000fdc00000,0x00000000febbcb88,0x00000000fefb0000)
  to   space 21376K, 0% used [0x00000000fc6f0000,0x00000000fc6f0000,0x00000000fdbd0000)
 ParOldGen       total 69056K, used 57521K [0x00000000e8000000, 0x00000000ec370000, 0x00000000fa000000)
  object space 69056K, 83% used [0x00000000e8000000,0x00000000eb82c678,0x00000000ec370000)
 PSPermGen       total 91264K, used 64636K [0x00000000e0000000, 0x00000000e5920000, 0x00000000e8000000)
  object space 91264K, 70% used [0x00000000e0000000,0x00000000e3f1f380,0x00000000e5920000)
}
Event: 2172.547 GC heap before
{Heap before GC invocations=52 (full 1):
 PSYoungGen      total 60032K, used 55986K [0x00000000fa000000, 0x00000000ff0b0000, 0x0000000100000000)
  eden space 39872K, 100% used [0x00000000fa000000,0x00000000fc6f0000,0x00000000fc6f0000)
  from space 20160K, 79% used [0x00000000fdc00000,0x00000000febbcb88,0x00000000fefb0000)
  to   space 21376K, 0% used [0x00000000fc6f0000,0x00000000fc6f0000,0x00000000fdbd0000)
 ParOldGen       total 69056K, used 57521K [0x00000000e8000000, 0x00000000ec370000, 0x00000000fa000000)
  object space 69056K, 83% used [0x00000000e8000000,0x00000000eb82c678,0x00000000ec370000)
 PSPermGen       total 91264K, used 65085K [0x00000000e0000000, 0x00000000e5920000, 0x00000000e8000000)
  object space 91264K, 71% used [0x00000000e0000000,0x00000000e3f8f6c0,0x00000000e5920000)
Event: 2172.575 GC heap after
Heap after GC invocations=52 (full 1):
 PSYoungGen      total 59904K, used 21353K [0x00000000fa000000, 0x00000000ff7e0000, 0x0000000100000000)
  eden space 38528K, 0% used [0x00000000fa000000,0x00000000fa000000,0x00000000fc5a0000)
  from space 21376K, 99% used [0x00000000fc6f0000,0x00000000fdbca5f8,0x00000000fdbd0000)
  to   space 25728K, 0% used [0x00000000fdec0000,0x00000000fdec0000,0x00000000ff7e0000)
 ParOldGen       total 69056K, used 61429K [0x00000000e8000000, 0x00000000ec370000, 0x00000000fa000000)
  object space 69056K, 88% used [0x00000000e8000000,0x00000000ebbfd408,0x00000000ec370000)
 PSPermGen       total 91264K, used 65085K [0x00000000e0000000, 0x00000000e5920000, 0x00000000e8000000)
  object space 91264K, 71% used [0x00000000e0000000,0x00000000e3f8f6c0,0x00000000e5920000)
}

